2024-08-13 12:17:07,378 - INFO - FHIR Resource Data: {
  "resourceType": "Condition",
  "id": "20221227195600-87060417",
  "meta": {
    "profile": [
      "https://www.medizininformatik-initiative.de/fhir/core/modul-diagnose/StructureDefinition/Diagnose"
    ]
  },
  "clinicalStatus": {
    "coding": [
      {
        "system": "http://terminology.hl7.org/CodeSystem/condition-clinical",
        "code": "active"
      }
    ]
  },
  "verificationStatus": {
    "coding": [
      {
        "system": "http://terminology.hl7.org/CodeSystem/condition-ver-status",
        "code": "confirmed"
      }
    ]
  },
  "category": [
    {
      "coding": [
        {
          "system": "http://terminology.hl7.org/CodeSystem/condition-category",
          "code": "2.1",
          "display": "Nebendiagnose"
        }
      ]
    }
  ],
  "code": {
    "coding": [
      {
        "extension": [
          {
            "url": "http://fhir.de/StructureDefinition/icd-10-gm-diagnosesicherheit",
            "valueCoding": {
              "system": "https://fhir.kbv.de/CodeSystem/KBV_CS_SFHIR_ICD_DIAGNOSESICHERHEIT",
              "code": "G",
              "display": "gesicherte Diagnose"
            }
          }
        ],
        "system": "http://fhir.de/CodeSystem/bfarm/icd-10-gm|2022",
        "code": "O44.01",
        "display": "Placenta praevia ohne (aktuelle) Blutung"
      }
    ]
  },
  "subject": {
    "identifier": {
      "system": "urn:UKSH.ext.ReferenceID",
      "value": "8Cbf4BvWig1dLg2kSRkZa9"
    }
  },
  "encounter": {
    "identifier": {
      "system": "urn:UKSH.ext.Fallnummer",
      "value": "122285250"
    }
  },
  "onsetDateTime": "2022-12-27T19:56:00Z",
  "recordedDate": "2023-01-01T07:42:44Z"
}
2024-08-13 12:17:07,465 - INFO - Resource updated successfully: Condition/20221227195600-87060417
2024-08-13 12:17:07,465 - INFO - Response: {'category': [{'coding': [{'system': 'http://terminology.hl7.org/CodeSystem/condition-category', 'code': '2.1', 'display': 'Nebendiagnose'}]}], 'clinicalStatus': {'coding': [{'system': 'http://terminology.hl7.org/CodeSystem/condition-clinical', 'code': 'active'}]}, 'meta': {'versionId': '102', 'lastUpdated': '2024-08-13T10:17:07.444Z', 'profile': ['https://www.medizininformatik-initiative.de/fhir/core/modul-diagnose/StructureDefinition/Diagnose']}, 'encounter': {'identifier': {'system': 'urn:UKSH.ext.Fallnummer', 'value': '122285250'}}, 'resourceType': 'Condition', 'recordedDate': '2023-01-01T07:42:44Z', 'id': '20221227195600-87060417', 'code': {'coding': [{'extension': [{'url': 'http://fhir.de/StructureDefinition/icd-10-gm-diagnosesicherheit', 'valueCoding': {'system': 'https://fhir.kbv.de/CodeSystem/KBV_CS_SFHIR_ICD_DIAGNOSESICHERHEIT', 'code': 'G', 'display': 'gesicherte Diagnose'}}], 'system': 'http://fhir.de/CodeSystem/bfarm/icd-10-gm|2022', 'code': 'O44.01', 'display': 'Placenta praevia ohne (aktuelle) Blutung'}]}, 'onsetDateTime': '2022-12-27T19:56:00Z', 'verificationStatus': {'coding': [{'system': 'http://terminology.hl7.org/CodeSystem/condition-ver-status', 'code': 'confirmed'}]}, 'subject': {'identifier': {'system': 'urn:UKSH.ext.ReferenceID', 'value': '8Cbf4BvWig1dLg2kSRkZa9'}}}
2024-08-13 12:17:07,467 - INFO - FHIR Resource Data: {
  "resourceType": "Condition",
  "id": "20230101015600-87118013",
  "meta": {
    "profile": [
      "https://www.medizininformatik-initiative.de/fhir/core/modul-diagnose/StructureDefinition/Diagnose"
    ]
  },
  "clinicalStatus": {
    "coding": [
      {
        "system": "http://terminology.hl7.org/CodeSystem/condition-clinical",
        "code": "active"
      }
    ]
  },
  "verificationStatus": {
    "coding": [
      {
        "system": "http://terminology.hl7.org/CodeSystem/condition-ver-status",
        "code": "confirmed"
      }
    ]
  },
  "category": [
    {
      "coding": [
        {
          "system": "http://terminology.hl7.org/CodeSystem/condition-category",
          "code": "1",
          "display": "Hauptdiagnose"
        }
      ]
    }
  ],
  "code": {
    "coding": [
      {
        "extension": [
          {
            "url": "http://fhir.de/StructureDefinition/icd-10-gm-diagnosesicherheit",
            "valueCoding": {
              "system": "https://fhir.kbv.de/CodeSystem/KBV_CS_SFHIR_ICD_DIAGNOSESICHERHEIT",
              "code": "G",
              "display": "gesicherte Diagnose"
            }
          },
          {
            "url": "http://fhir.de/StructureDefinition/seitenlokalisation",
            "valueCoding": {
              "system": "https://fhir.kbv.de/ValueSet/KBV_VS_SFHIR_ICD_SEITENLOKALISATION",
              "code": "R",
              "display": "rechts"
            }
          }
        ],
        "system": "http://fhir.de/CodeSystem/bfarm/icd-10-gm|2023",
        "code": "S60.2",
        "display": "Prellung sonstiger Teile des Handgelenkes und der Hand"
      }
    ]
  },
  "subject": {
    "identifier": {
      "system": "urn:UKSH.ext.ReferenceID",
      "value": "k4E7zJQLTPNG25F3yfXKra"
    }
  },
  "encounter": {
    "identifier": {
      "system": "urn:UKSH.ext.Fallnummer",
      "value": "223025411"
    }
  },
  "onsetDateTime": "2023-01-01T01:56:00Z",
  "recordedDate": "2023-01-01T02:31:24Z"
}
2024-08-13 12:17:07,503 - INFO - Resource updated successfully: Condition/20230101015600-87118013
2024-08-13 12:17:07,504 - INFO - Response: {'category': [{'coding': [{'system': 'http://terminology.hl7.org/CodeSystem/condition-category', 'code': '1', 'display': 'Hauptdiagnose'}]}], 'clinicalStatus': {'coding': [{'system': 'http://terminology.hl7.org/CodeSystem/condition-clinical', 'code': 'active'}]}, 'meta': {'versionId': '99', 'lastUpdated': '2024-08-13T09:47:07.917Z', 'profile': ['https://www.medizininformatik-initiative.de/fhir/core/modul-diagnose/StructureDefinition/Diagnose']}, 'encounter': {'identifier': {'system': 'urn:UKSH.ext.Fallnummer', 'value': '223025411'}}, 'resourceType': 'Condition', 'recordedDate': '2023-01-01T02:31:24Z', 'id': '20230101015600-87118013', 'code': {'coding': [{'extension': [{'url': 'http://fhir.de/StructureDefinition/icd-10-gm-diagnosesicherheit', 'valueCoding': {'system': 'https://fhir.kbv.de/CodeSystem/KBV_CS_SFHIR_ICD_DIAGNOSESICHERHEIT', 'code': 'G', 'display': 'gesicherte Diagnose'}}, {'url': 'http://fhir.de/StructureDefinition/seitenlokalisation', 'valueCoding': {'system': 'https://fhir.kbv.de/ValueSet/KBV_VS_SFHIR_ICD_SEITENLOKALISATION', 'code': 'R', 'display': 'rechts'}}], 'system': 'http://fhir.de/CodeSystem/bfarm/icd-10-gm|2023', 'code': 'S60.2', 'display': 'Prellung sonstiger Teile des Handgelenkes und der Hand'}]}, 'onsetDateTime': '2023-01-01T01:56:00Z', 'verificationStatus': {'coding': [{'system': 'http://terminology.hl7.org/CodeSystem/condition-ver-status', 'code': 'confirmed'}]}, 'subject': {'identifier': {'system': 'urn:UKSH.ext.ReferenceID', 'value': 'k4E7zJQLTPNG25F3yfXKra'}}}
2024-08-13 12:17:07,505 - INFO - FHIR Resource Data: {
  "resourceType": "Condition",
  "id": "20230101015600-87118013",
  "meta": {
    "profile": [
      "https://www.medizininformatik-initiative.de/fhir/core/modul-diagnose/StructureDefinition/Diagnose"
    ]
  },
  "clinicalStatus": {
    "coding": [
      {
        "system": "http://terminology.hl7.org/CodeSystem/condition-clinical",
        "code": "active"
      }
    ]
  },
  "verificationStatus": {
    "coding": [
      {
        "system": "http://terminology.hl7.org/CodeSystem/condition-ver-status",
        "code": "confirmed"
      }
    ]
  },
  "category": [
    {
      "coding": [
        {
          "system": "http://terminology.hl7.org/CodeSystem/condition-category",
          "code": "1",
          "display": "Hauptdiagnose"
        }
      ]
    }
  ],
  "code": {
    "coding": [
      {
        "extension": [
          {
            "url": "http://fhir.de/StructureDefinition/icd-10-gm-diagnosesicherheit",
            "valueCoding": {
              "system": "https://fhir.kbv.de/CodeSystem/KBV_CS_SFHIR_ICD_DIAGNOSESICHERHEIT",
              "code": "G",
              "display": "gesicherte Diagnose"
            }
          },
          {
            "url": "http://fhir.de/StructureDefinition/seitenlokalisation",
            "valueCoding": {
              "system": "https://fhir.kbv.de/ValueSet/KBV_VS_SFHIR_ICD_SEITENLOKALISATION",
              "code": "R",
              "display": "rechts"
            }
          }
        ],
        "system": "http://fhir.de/CodeSystem/bfarm/icd-10-gm|2023",
        "code": "S60.2",
        "display": "Prellung sonstiger Teile des Handgelenkes und der Hand"
      }
    ]
  },
  "subject": {
    "identifier": {
      "system": "urn:UKSH.ext.ReferenceID",
      "value": "k4E7zJQLTPNG25F3yfXKra"
    }
  },
  "encounter": {
    "identifier": {
      "system": "urn:UKSH.ext.Fallnummer",
      "value": "223025411"
    }
  },
  "onsetDateTime": "2023-01-01T01:56:00Z",
  "recordedDate": "2023-01-01T02:31:24Z"
}
2024-08-13 12:17:07,543 - INFO - Resource updated successfully: Condition/20230101015600-87118013
2024-08-13 12:17:07,543 - INFO - Response: {'category': [{'coding': [{'system': 'http://terminology.hl7.org/CodeSystem/condition-category', 'code': '1', 'display': 'Hauptdiagnose'}]}], 'clinicalStatus': {'coding': [{'system': 'http://terminology.hl7.org/CodeSystem/condition-clinical', 'code': 'active'}]}, 'meta': {'versionId': '99', 'lastUpdated': '2024-08-13T09:47:07.917Z', 'profile': ['https://www.medizininformatik-initiative.de/fhir/core/modul-diagnose/StructureDefinition/Diagnose']}, 'encounter': {'identifier': {'system': 'urn:UKSH.ext.Fallnummer', 'value': '223025411'}}, 'resourceType': 'Condition', 'recordedDate': '2023-01-01T02:31:24Z', 'id': '20230101015600-87118013', 'code': {'coding': [{'extension': [{'url': 'http://fhir.de/StructureDefinition/icd-10-gm-diagnosesicherheit', 'valueCoding': {'system': 'https://fhir.kbv.de/CodeSystem/KBV_CS_SFHIR_ICD_DIAGNOSESICHERHEIT', 'code': 'G', 'display': 'gesicherte Diagnose'}}, {'url': 'http://fhir.de/StructureDefinition/seitenlokalisation', 'valueCoding': {'system': 'https://fhir.kbv.de/ValueSet/KBV_VS_SFHIR_ICD_SEITENLOKALISATION', 'code': 'R', 'display': 'rechts'}}], 'system': 'http://fhir.de/CodeSystem/bfarm/icd-10-gm|2023', 'code': 'S60.2', 'display': 'Prellung sonstiger Teile des Handgelenkes und der Hand'}]}, 'onsetDateTime': '2023-01-01T01:56:00Z', 'verificationStatus': {'coding': [{'system': 'http://terminology.hl7.org/CodeSystem/condition-ver-status', 'code': 'confirmed'}]}, 'subject': {'identifier': {'system': 'urn:UKSH.ext.ReferenceID', 'value': 'k4E7zJQLTPNG25F3yfXKra'}}}
2024-08-13 12:17:07,544 - INFO - FHIR Resource Data: {
  "resourceType": "Condition",
  "id": "20221227195600-87060417",
  "meta": {
    "profile": [
      "https://www.medizininformatik-initiative.de/fhir/core/modul-diagnose/StructureDefinition/Diagnose"
    ]
  },
  "clinicalStatus": {
    "coding": [
      {
        "system": "http://terminology.hl7.org/CodeSystem/condition-clinical",
        "code": "active"
      }
    ]
  },
  "verificationStatus": {
    "coding": [
      {
        "system": "http://terminology.hl7.org/CodeSystem/condition-ver-status",
        "code": "confirmed"
      }
    ]
  },
  "category": [
    {
      "coding": [
        {
          "system": "http://terminology.hl7.org/CodeSystem/condition-category",
          "code": "2.1",
          "display": "Nebendiagnose"
        }
      ]
    }
  ],
  "code": {
    "coding": [
      {
        "extension": [
          {
            "url": "http://fhir.de/StructureDefinition/icd-10-gm-diagnosesicherheit",
            "valueCoding": {
              "system": "https://fhir.kbv.de/CodeSystem/KBV_CS_SFHIR_ICD_DIAGNOSESICHERHEIT",
              "code": "G",
              "display": "gesicherte Diagnose"
            }
          }
        ],
        "system": "http://fhir.de/CodeSystem/bfarm/icd-10-gm|2022",
        "code": "O44.01",
        "display": "Placenta praevia ohne (aktuelle) Blutung"
      }
    ]
  },
  "subject": {
    "identifier": {
      "system": "urn:UKSH.ext.ReferenceID",
      "value": "9Cbf4BvWig1dLg2kSRkZa9"
    }
  },
  "encounter": {
    "identifier": {
      "system": "urn:UKSH.ext.Fallnummer",
      "value": "122285250"
    }
  },
  "onsetDateTime": "2022-12-27T19:56:00Z",
  "recordedDate": "2023-01-01T07:42:44Z"
}
2024-08-13 12:17:07,585 - INFO - Resource updated successfully: Condition/20221227195600-87060417
2024-08-13 12:17:07,585 - INFO - Response: {'category': [{'coding': [{'system': 'http://terminology.hl7.org/CodeSystem/condition-category', 'code': '2.1', 'display': 'Nebendiagnose'}]}], 'clinicalStatus': {'coding': [{'system': 'http://terminology.hl7.org/CodeSystem/condition-clinical', 'code': 'active'}]}, 'meta': {'versionId': '105', 'lastUpdated': '2024-08-13T10:17:07.577Z', 'profile': ['https://www.medizininformatik-initiative.de/fhir/core/modul-diagnose/StructureDefinition/Diagnose']}, 'encounter': {'identifier': {'system': 'urn:UKSH.ext.Fallnummer', 'value': '122285250'}}, 'resourceType': 'Condition', 'recordedDate': '2023-01-01T07:42:44Z', 'id': '20221227195600-87060417', 'code': {'coding': [{'extension': [{'url': 'http://fhir.de/StructureDefinition/icd-10-gm-diagnosesicherheit', 'valueCoding': {'system': 'https://fhir.kbv.de/CodeSystem/KBV_CS_SFHIR_ICD_DIAGNOSESICHERHEIT', 'code': 'G', 'display': 'gesicherte Diagnose'}}], 'system': 'http://fhir.de/CodeSystem/bfarm/icd-10-gm|2022', 'code': 'O44.01', 'display': 'Placenta praevia ohne (aktuelle) Blutung'}]}, 'onsetDateTime': '2022-12-27T19:56:00Z', 'verificationStatus': {'coding': [{'system': 'http://terminology.hl7.org/CodeSystem/condition-ver-status', 'code': 'confirmed'}]}, 'subject': {'identifier': {'system': 'urn:UKSH.ext.ReferenceID', 'value': '9Cbf4BvWig1dLg2kSRkZa9'}}}
2024-08-13 12:17:07,587 - ERROR - An error occurred: set_last_run_time() takes 1 positional argument but 2 were given
2024-08-13 12:17:40,148 - INFO - FHIR Resource Data: {
  "resourceType": "Condition",
  "id": "20221227195600-87060417",
  "meta": {
    "profile": [
      "https://www.medizininformatik-initiative.de/fhir/core/modul-diagnose/StructureDefinition/Diagnose"
    ]
  },
  "clinicalStatus": {
    "coding": [
      {
        "system": "http://terminology.hl7.org/CodeSystem/condition-clinical",
        "code": "active"
      }
    ]
  },
  "verificationStatus": {
    "coding": [
      {
        "system": "http://terminology.hl7.org/CodeSystem/condition-ver-status",
        "code": "confirmed"
      }
    ]
  },
  "category": [
    {
      "coding": [
        {
          "system": "http://terminology.hl7.org/CodeSystem/condition-category",
          "code": "2.1",
          "display": "Nebendiagnose"
        }
      ]
    }
  ],
  "code": {
    "coding": [
      {
        "extension": [
          {
            "url": "http://fhir.de/StructureDefinition/icd-10-gm-diagnosesicherheit",
            "valueCoding": {
              "system": "https://fhir.kbv.de/CodeSystem/KBV_CS_SFHIR_ICD_DIAGNOSESICHERHEIT",
              "code": "G",
              "display": "gesicherte Diagnose"
            }
          }
        ],
        "system": "http://fhir.de/CodeSystem/bfarm/icd-10-gm|2022",
        "code": "O44.01",
        "display": "Placenta praevia ohne (aktuelle) Blutung"
      }
    ]
  },
  "subject": {
    "identifier": {
      "system": "urn:UKSH.ext.ReferenceID",
      "value": "8Cbf4BvWig1dLg2kSRkZa9"
    }
  },
  "encounter": {
    "identifier": {
      "system": "urn:UKSH.ext.Fallnummer",
      "value": "122285250"
    }
  },
  "onsetDateTime": "2022-12-27T19:56:00Z",
  "recordedDate": "2023-01-01T07:42:44Z"
}
2024-08-13 12:17:40,188 - INFO - Resource updated successfully: Condition/20221227195600-87060417
2024-08-13 12:17:40,188 - INFO - Response: {'category': [{'coding': [{'system': 'http://terminology.hl7.org/CodeSystem/condition-category', 'code': '2.1', 'display': 'Nebendiagnose'}]}], 'clinicalStatus': {'coding': [{'system': 'http://terminology.hl7.org/CodeSystem/condition-clinical', 'code': 'active'}]}, 'meta': {'versionId': '106', 'lastUpdated': '2024-08-13T10:17:40.182Z', 'profile': ['https://www.medizininformatik-initiative.de/fhir/core/modul-diagnose/StructureDefinition/Diagnose']}, 'encounter': {'identifier': {'system': 'urn:UKSH.ext.Fallnummer', 'value': '122285250'}}, 'resourceType': 'Condition', 'recordedDate': '2023-01-01T07:42:44Z', 'id': '20221227195600-87060417', 'code': {'coding': [{'extension': [{'url': 'http://fhir.de/StructureDefinition/icd-10-gm-diagnosesicherheit', 'valueCoding': {'system': 'https://fhir.kbv.de/CodeSystem/KBV_CS_SFHIR_ICD_DIAGNOSESICHERHEIT', 'code': 'G', 'display': 'gesicherte Diagnose'}}], 'system': 'http://fhir.de/CodeSystem/bfarm/icd-10-gm|2022', 'code': 'O44.01', 'display': 'Placenta praevia ohne (aktuelle) Blutung'}]}, 'onsetDateTime': '2022-12-27T19:56:00Z', 'verificationStatus': {'coding': [{'system': 'http://terminology.hl7.org/CodeSystem/condition-ver-status', 'code': 'confirmed'}]}, 'subject': {'identifier': {'system': 'urn:UKSH.ext.ReferenceID', 'value': '8Cbf4BvWig1dLg2kSRkZa9'}}}
2024-08-13 12:17:40,189 - INFO - FHIR Resource Data: {
  "resourceType": "Condition",
  "id": "20230101015600-87118013",
  "meta": {
    "profile": [
      "https://www.medizininformatik-initiative.de/fhir/core/modul-diagnose/StructureDefinition/Diagnose"
    ]
  },
  "clinicalStatus": {
    "coding": [
      {
        "system": "http://terminology.hl7.org/CodeSystem/condition-clinical",
        "code": "active"
      }
    ]
  },
  "verificationStatus": {
    "coding": [
      {
        "system": "http://terminology.hl7.org/CodeSystem/condition-ver-status",
        "code": "confirmed"
      }
    ]
  },
  "category": [
    {
      "coding": [
        {
          "system": "http://terminology.hl7.org/CodeSystem/condition-category",
          "code": "1",
          "display": "Hauptdiagnose"
        }
      ]
    }
  ],
  "code": {
    "coding": [
      {
        "extension": [
          {
            "url": "http://fhir.de/StructureDefinition/icd-10-gm-diagnosesicherheit",
            "valueCoding": {
              "system": "https://fhir.kbv.de/CodeSystem/KBV_CS_SFHIR_ICD_DIAGNOSESICHERHEIT",
              "code": "G",
              "display": "gesicherte Diagnose"
            }
          },
          {
            "url": "http://fhir.de/StructureDefinition/seitenlokalisation",
            "valueCoding": {
              "system": "https://fhir.kbv.de/ValueSet/KBV_VS_SFHIR_ICD_SEITENLOKALISATION",
              "code": "R",
              "display": "rechts"
            }
          }
        ],
        "system": "http://fhir.de/CodeSystem/bfarm/icd-10-gm|2023",
        "code": "S60.2",
        "display": "Prellung sonstiger Teile des Handgelenkes und der Hand"
      }
    ]
  },
  "subject": {
    "identifier": {
      "system": "urn:UKSH.ext.ReferenceID",
      "value": "k4E7zJQLTPNG25F3yfXKra"
    }
  },
  "encounter": {
    "identifier": {
      "system": "urn:UKSH.ext.Fallnummer",
      "value": "223025411"
    }
  },
  "onsetDateTime": "2023-01-01T01:56:00Z",
  "recordedDate": "2023-01-01T02:31:24Z"
}
2024-08-13 12:17:40,224 - INFO - Resource updated successfully: Condition/20230101015600-87118013
2024-08-13 12:17:40,224 - INFO - Response: {'category': [{'coding': [{'system': 'http://terminology.hl7.org/CodeSystem/condition-category', 'code': '1', 'display': 'Hauptdiagnose'}]}], 'clinicalStatus': {'coding': [{'system': 'http://terminology.hl7.org/CodeSystem/condition-clinical', 'code': 'active'}]}, 'meta': {'versionId': '99', 'lastUpdated': '2024-08-13T09:47:07.917Z', 'profile': ['https://www.medizininformatik-initiative.de/fhir/core/modul-diagnose/StructureDefinition/Diagnose']}, 'encounter': {'identifier': {'system': 'urn:UKSH.ext.Fallnummer', 'value': '223025411'}}, 'resourceType': 'Condition', 'recordedDate': '2023-01-01T02:31:24Z', 'id': '20230101015600-87118013', 'code': {'coding': [{'extension': [{'url': 'http://fhir.de/StructureDefinition/icd-10-gm-diagnosesicherheit', 'valueCoding': {'system': 'https://fhir.kbv.de/CodeSystem/KBV_CS_SFHIR_ICD_DIAGNOSESICHERHEIT', 'code': 'G', 'display': 'gesicherte Diagnose'}}, {'url': 'http://fhir.de/StructureDefinition/seitenlokalisation', 'valueCoding': {'system': 'https://fhir.kbv.de/ValueSet/KBV_VS_SFHIR_ICD_SEITENLOKALISATION', 'code': 'R', 'display': 'rechts'}}], 'system': 'http://fhir.de/CodeSystem/bfarm/icd-10-gm|2023', 'code': 'S60.2', 'display': 'Prellung sonstiger Teile des Handgelenkes und der Hand'}]}, 'onsetDateTime': '2023-01-01T01:56:00Z', 'verificationStatus': {'coding': [{'system': 'http://terminology.hl7.org/CodeSystem/condition-ver-status', 'code': 'confirmed'}]}, 'subject': {'identifier': {'system': 'urn:UKSH.ext.ReferenceID', 'value': 'k4E7zJQLTPNG25F3yfXKra'}}}
2024-08-13 12:17:40,225 - INFO - FHIR Resource Data: {
  "resourceType": "Condition",
  "id": "20230101015600-87118013",
  "meta": {
    "profile": [
      "https://www.medizininformatik-initiative.de/fhir/core/modul-diagnose/StructureDefinition/Diagnose"
    ]
  },
  "clinicalStatus": {
    "coding": [
      {
        "system": "http://terminology.hl7.org/CodeSystem/condition-clinical",
        "code": "active"
      }
    ]
  },
  "verificationStatus": {
    "coding": [
      {
        "system": "http://terminology.hl7.org/CodeSystem/condition-ver-status",
        "code": "confirmed"
      }
    ]
  },
  "category": [
    {
      "coding": [
        {
          "system": "http://terminology.hl7.org/CodeSystem/condition-category",
          "code": "1",
          "display": "Hauptdiagnose"
        }
      ]
    }
  ],
  "code": {
    "coding": [
      {
        "extension": [
          {
            "url": "http://fhir.de/StructureDefinition/icd-10-gm-diagnosesicherheit",
            "valueCoding": {
              "system": "https://fhir.kbv.de/CodeSystem/KBV_CS_SFHIR_ICD_DIAGNOSESICHERHEIT",
              "code": "G",
              "display": "gesicherte Diagnose"
            }
          },
          {
            "url": "http://fhir.de/StructureDefinition/seitenlokalisation",
            "valueCoding": {
              "system": "https://fhir.kbv.de/ValueSet/KBV_VS_SFHIR_ICD_SEITENLOKALISATION",
              "code": "R",
              "display": "rechts"
            }
          }
        ],
        "system": "http://fhir.de/CodeSystem/bfarm/icd-10-gm|2023",
        "code": "S60.2",
        "display": "Prellung sonstiger Teile des Handgelenkes und der Hand"
      }
    ]
  },
  "subject": {
    "identifier": {
      "system": "urn:UKSH.ext.ReferenceID",
      "value": "k4E7zJQLTPNG25F3yfXKra"
    }
  },
  "encounter": {
    "identifier": {
      "system": "urn:UKSH.ext.Fallnummer",
      "value": "223025411"
    }
  },
  "onsetDateTime": "2023-01-01T01:56:00Z",
  "recordedDate": "2023-01-01T02:31:24Z"
}
2024-08-13 12:17:40,259 - INFO - Resource updated successfully: Condition/20230101015600-87118013
2024-08-13 12:17:40,260 - INFO - Response: {'category': [{'coding': [{'system': 'http://terminology.hl7.org/CodeSystem/condition-category', 'code': '1', 'display': 'Hauptdiagnose'}]}], 'clinicalStatus': {'coding': [{'system': 'http://terminology.hl7.org/CodeSystem/condition-clinical', 'code': 'active'}]}, 'meta': {'versionId': '99', 'lastUpdated': '2024-08-13T09:47:07.917Z', 'profile': ['https://www.medizininformatik-initiative.de/fhir/core/modul-diagnose/StructureDefinition/Diagnose']}, 'encounter': {'identifier': {'system': 'urn:UKSH.ext.Fallnummer', 'value': '223025411'}}, 'resourceType': 'Condition', 'recordedDate': '2023-01-01T02:31:24Z', 'id': '20230101015600-87118013', 'code': {'coding': [{'extension': [{'url': 'http://fhir.de/StructureDefinition/icd-10-gm-diagnosesicherheit', 'valueCoding': {'system': 'https://fhir.kbv.de/CodeSystem/KBV_CS_SFHIR_ICD_DIAGNOSESICHERHEIT', 'code': 'G', 'display': 'gesicherte Diagnose'}}, {'url': 'http://fhir.de/StructureDefinition/seitenlokalisation', 'valueCoding': {'system': 'https://fhir.kbv.de/ValueSet/KBV_VS_SFHIR_ICD_SEITENLOKALISATION', 'code': 'R', 'display': 'rechts'}}], 'system': 'http://fhir.de/CodeSystem/bfarm/icd-10-gm|2023', 'code': 'S60.2', 'display': 'Prellung sonstiger Teile des Handgelenkes und der Hand'}]}, 'onsetDateTime': '2023-01-01T01:56:00Z', 'verificationStatus': {'coding': [{'system': 'http://terminology.hl7.org/CodeSystem/condition-ver-status', 'code': 'confirmed'}]}, 'subject': {'identifier': {'system': 'urn:UKSH.ext.ReferenceID', 'value': 'k4E7zJQLTPNG25F3yfXKra'}}}
2024-08-13 12:17:40,261 - INFO - FHIR Resource Data: {
  "resourceType": "Condition",
  "id": "20221227195600-87060417",
  "meta": {
    "profile": [
      "https://www.medizininformatik-initiative.de/fhir/core/modul-diagnose/StructureDefinition/Diagnose"
    ]
  },
  "clinicalStatus": {
    "coding": [
      {
        "system": "http://terminology.hl7.org/CodeSystem/condition-clinical",
        "code": "active"
      }
    ]
  },
  "verificationStatus": {
    "coding": [
      {
        "system": "http://terminology.hl7.org/CodeSystem/condition-ver-status",
        "code": "confirmed"
      }
    ]
  },
  "category": [
    {
      "coding": [
        {
          "system": "http://terminology.hl7.org/CodeSystem/condition-category",
          "code": "2.1",
          "display": "Nebendiagnose"
        }
      ]
    }
  ],
  "code": {
    "coding": [
      {
        "extension": [
          {
            "url": "http://fhir.de/StructureDefinition/icd-10-gm-diagnosesicherheit",
            "valueCoding": {
              "system": "https://fhir.kbv.de/CodeSystem/KBV_CS_SFHIR_ICD_DIAGNOSESICHERHEIT",
              "code": "G",
              "display": "gesicherte Diagnose"
            }
          }
        ],
        "system": "http://fhir.de/CodeSystem/bfarm/icd-10-gm|2022",
        "code": "O44.01",
        "display": "Placenta praevia ohne (aktuelle) Blutung"
      }
    ]
  },
  "subject": {
    "identifier": {
      "system": "urn:UKSH.ext.ReferenceID",
      "value": "9Cbf4BvWig1dLg2kSRkZa9"
    }
  },
  "encounter": {
    "identifier": {
      "system": "urn:UKSH.ext.Fallnummer",
      "value": "122285250"
    }
  },
  "onsetDateTime": "2022-12-27T19:56:00Z",
  "recordedDate": "2023-01-01T07:42:44Z"
}
2024-08-13 12:17:40,299 - INFO - Resource updated successfully: Condition/20221227195600-87060417
2024-08-13 12:17:40,299 - INFO - Response: {'category': [{'coding': [{'system': 'http://terminology.hl7.org/CodeSystem/condition-category', 'code': '2.1', 'display': 'Nebendiagnose'}]}], 'clinicalStatus': {'coding': [{'system': 'http://terminology.hl7.org/CodeSystem/condition-clinical', 'code': 'active'}]}, 'meta': {'versionId': '109', 'lastUpdated': '2024-08-13T10:17:40.289Z', 'profile': ['https://www.medizininformatik-initiative.de/fhir/core/modul-diagnose/StructureDefinition/Diagnose']}, 'encounter': {'identifier': {'system': 'urn:UKSH.ext.Fallnummer', 'value': '122285250'}}, 'resourceType': 'Condition', 'recordedDate': '2023-01-01T07:42:44Z', 'id': '20221227195600-87060417', 'code': {'coding': [{'extension': [{'url': 'http://fhir.de/StructureDefinition/icd-10-gm-diagnosesicherheit', 'valueCoding': {'system': 'https://fhir.kbv.de/CodeSystem/KBV_CS_SFHIR_ICD_DIAGNOSESICHERHEIT', 'code': 'G', 'display': 'gesicherte Diagnose'}}], 'system': 'http://fhir.de/CodeSystem/bfarm/icd-10-gm|2022', 'code': 'O44.01', 'display': 'Placenta praevia ohne (aktuelle) Blutung'}]}, 'onsetDateTime': '2022-12-27T19:56:00Z', 'verificationStatus': {'coding': [{'system': 'http://terminology.hl7.org/CodeSystem/condition-ver-status', 'code': 'confirmed'}]}, 'subject': {'identifier': {'system': 'urn:UKSH.ext.ReferenceID', 'value': '9Cbf4BvWig1dLg2kSRkZa9'}}}
2024-08-13 12:17:40,300 - ERROR - An error occurred: set_last_run_time() takes 1 positional argument but 2 were given
2024-08-13 12:24:19,344 - INFO - FHIR Resource Data: {
  "resourceType": "Condition",
  "id": "20221227195600-87060417",
  "meta": {
    "profile": [
      "https://www.medizininformatik-initiative.de/fhir/core/modul-diagnose/StructureDefinition/Diagnose"
    ]
  },
  "clinicalStatus": {
    "coding": [
      {
        "system": "http://terminology.hl7.org/CodeSystem/condition-clinical",
        "code": "active"
      }
    ]
  },
  "verificationStatus": {
    "coding": [
      {
        "system": "http://terminology.hl7.org/CodeSystem/condition-ver-status",
        "code": "confirmed"
      }
    ]
  },
  "category": [
    {
      "coding": [
        {
          "system": "http://terminology.hl7.org/CodeSystem/condition-category",
          "code": "2.1",
          "display": "Nebendiagnose"
        }
      ]
    }
  ],
  "code": {
    "coding": [
      {
        "extension": [
          {
            "url": "http://fhir.de/StructureDefinition/icd-10-gm-diagnosesicherheit",
            "valueCoding": {
              "system": "https://fhir.kbv.de/CodeSystem/KBV_CS_SFHIR_ICD_DIAGNOSESICHERHEIT",
              "code": "G",
              "display": "gesicherte Diagnose"
            }
          }
        ],
        "system": "http://fhir.de/CodeSystem/bfarm/icd-10-gm|2022",
        "code": "O44.01",
        "display": "Placenta praevia ohne (aktuelle) Blutung"
      }
    ]
  },
  "subject": {
    "identifier": {
      "system": "urn:UKSH.ext.ReferenceID",
      "value": "8Cbf4BvWig1dLg2kSRkZa9"
    }
  },
  "encounter": {
    "identifier": {
      "system": "urn:UKSH.ext.Fallnummer",
      "value": "122285250"
    }
  },
  "onsetDateTime": "2022-12-27T19:56:00Z",
  "recordedDate": "2023-01-01T07:42:44Z"
}
2024-08-13 12:24:19,396 - INFO - Resource updated successfully: Condition/20221227195600-87060417
2024-08-13 12:24:19,396 - INFO - Response: {'category': [{'coding': [{'system': 'http://terminology.hl7.org/CodeSystem/condition-category', 'code': '2.1', 'display': 'Nebendiagnose'}]}], 'clinicalStatus': {'coding': [{'system': 'http://terminology.hl7.org/CodeSystem/condition-clinical', 'code': 'active'}]}, 'meta': {'versionId': '110', 'lastUpdated': '2024-08-13T10:24:19.388Z', 'profile': ['https://www.medizininformatik-initiative.de/fhir/core/modul-diagnose/StructureDefinition/Diagnose']}, 'encounter': {'identifier': {'system': 'urn:UKSH.ext.Fallnummer', 'value': '122285250'}}, 'resourceType': 'Condition', 'recordedDate': '2023-01-01T07:42:44Z', 'id': '20221227195600-87060417', 'code': {'coding': [{'extension': [{'url': 'http://fhir.de/StructureDefinition/icd-10-gm-diagnosesicherheit', 'valueCoding': {'system': 'https://fhir.kbv.de/CodeSystem/KBV_CS_SFHIR_ICD_DIAGNOSESICHERHEIT', 'code': 'G', 'display': 'gesicherte Diagnose'}}], 'system': 'http://fhir.de/CodeSystem/bfarm/icd-10-gm|2022', 'code': 'O44.01', 'display': 'Placenta praevia ohne (aktuelle) Blutung'}]}, 'onsetDateTime': '2022-12-27T19:56:00Z', 'verificationStatus': {'coding': [{'system': 'http://terminology.hl7.org/CodeSystem/condition-ver-status', 'code': 'confirmed'}]}, 'subject': {'identifier': {'system': 'urn:UKSH.ext.ReferenceID', 'value': '8Cbf4BvWig1dLg2kSRkZa9'}}}
2024-08-13 12:24:19,398 - INFO - FHIR Resource Data: {
  "resourceType": "Condition",
  "id": "20230101015600-87118013",
  "meta": {
    "profile": [
      "https://www.medizininformatik-initiative.de/fhir/core/modul-diagnose/StructureDefinition/Diagnose"
    ]
  },
  "clinicalStatus": {
    "coding": [
      {
        "system": "http://terminology.hl7.org/CodeSystem/condition-clinical",
        "code": "active"
      }
    ]
  },
  "verificationStatus": {
    "coding": [
      {
        "system": "http://terminology.hl7.org/CodeSystem/condition-ver-status",
        "code": "confirmed"
      }
    ]
  },
  "category": [
    {
      "coding": [
        {
          "system": "http://terminology.hl7.org/CodeSystem/condition-category",
          "code": "1",
          "display": "Hauptdiagnose"
        }
      ]
    }
  ],
  "code": {
    "coding": [
      {
        "extension": [
          {
            "url": "http://fhir.de/StructureDefinition/icd-10-gm-diagnosesicherheit",
            "valueCoding": {
              "system": "https://fhir.kbv.de/CodeSystem/KBV_CS_SFHIR_ICD_DIAGNOSESICHERHEIT",
              "code": "G",
              "display": "gesicherte Diagnose"
            }
          },
          {
            "url": "http://fhir.de/StructureDefinition/seitenlokalisation",
            "valueCoding": {
              "system": "https://fhir.kbv.de/ValueSet/KBV_VS_SFHIR_ICD_SEITENLOKALISATION",
              "code": "R",
              "display": "rechts"
            }
          }
        ],
        "system": "http://fhir.de/CodeSystem/bfarm/icd-10-gm|2023",
        "code": "S60.2",
        "display": "Prellung sonstiger Teile des Handgelenkes und der Hand"
      }
    ]
  },
  "subject": {
    "identifier": {
      "system": "urn:UKSH.ext.ReferenceID",
      "value": "k4E7zJQLTPNG25F3yfXKra"
    }
  },
  "encounter": {
    "identifier": {
      "system": "urn:UKSH.ext.Fallnummer",
      "value": "223025411"
    }
  },
  "onsetDateTime": "2023-01-01T01:56:00Z",
  "recordedDate": "2023-01-01T02:31:24Z"
}
2024-08-13 12:24:19,429 - INFO - Resource updated successfully: Condition/20230101015600-87118013
2024-08-13 12:24:19,429 - INFO - Response: {'category': [{'coding': [{'system': 'http://terminology.hl7.org/CodeSystem/condition-category', 'code': '1', 'display': 'Hauptdiagnose'}]}], 'clinicalStatus': {'coding': [{'system': 'http://terminology.hl7.org/CodeSystem/condition-clinical', 'code': 'active'}]}, 'meta': {'versionId': '99', 'lastUpdated': '2024-08-13T09:47:07.917Z', 'profile': ['https://www.medizininformatik-initiative.de/fhir/core/modul-diagnose/StructureDefinition/Diagnose']}, 'encounter': {'identifier': {'system': 'urn:UKSH.ext.Fallnummer', 'value': '223025411'}}, 'resourceType': 'Condition', 'recordedDate': '2023-01-01T02:31:24Z', 'id': '20230101015600-87118013', 'code': {'coding': [{'extension': [{'url': 'http://fhir.de/StructureDefinition/icd-10-gm-diagnosesicherheit', 'valueCoding': {'system': 'https://fhir.kbv.de/CodeSystem/KBV_CS_SFHIR_ICD_DIAGNOSESICHERHEIT', 'code': 'G', 'display': 'gesicherte Diagnose'}}, {'url': 'http://fhir.de/StructureDefinition/seitenlokalisation', 'valueCoding': {'system': 'https://fhir.kbv.de/ValueSet/KBV_VS_SFHIR_ICD_SEITENLOKALISATION', 'code': 'R', 'display': 'rechts'}}], 'system': 'http://fhir.de/CodeSystem/bfarm/icd-10-gm|2023', 'code': 'S60.2', 'display': 'Prellung sonstiger Teile des Handgelenkes und der Hand'}]}, 'onsetDateTime': '2023-01-01T01:56:00Z', 'verificationStatus': {'coding': [{'system': 'http://terminology.hl7.org/CodeSystem/condition-ver-status', 'code': 'confirmed'}]}, 'subject': {'identifier': {'system': 'urn:UKSH.ext.ReferenceID', 'value': 'k4E7zJQLTPNG25F3yfXKra'}}}
2024-08-13 12:24:19,430 - INFO - FHIR Resource Data: {
  "resourceType": "Condition",
  "id": "20230101015600-87118013",
  "meta": {
    "profile": [
      "https://www.medizininformatik-initiative.de/fhir/core/modul-diagnose/StructureDefinition/Diagnose"
    ]
  },
  "clinicalStatus": {
    "coding": [
      {
        "system": "http://terminology.hl7.org/CodeSystem/condition-clinical",
        "code": "active"
      }
    ]
  },
  "verificationStatus": {
    "coding": [
      {
        "system": "http://terminology.hl7.org/CodeSystem/condition-ver-status",
        "code": "confirmed"
      }
    ]
  },
  "category": [
    {
      "coding": [
        {
          "system": "http://terminology.hl7.org/CodeSystem/condition-category",
          "code": "1",
          "display": "Hauptdiagnose"
        }
      ]
    }
  ],
  "code": {
    "coding": [
      {
        "extension": [
          {
            "url": "http://fhir.de/StructureDefinition/icd-10-gm-diagnosesicherheit",
            "valueCoding": {
              "system": "https://fhir.kbv.de/CodeSystem/KBV_CS_SFHIR_ICD_DIAGNOSESICHERHEIT",
              "code": "G",
              "display": "gesicherte Diagnose"
            }
          },
          {
            "url": "http://fhir.de/StructureDefinition/seitenlokalisation",
            "valueCoding": {
              "system": "https://fhir.kbv.de/ValueSet/KBV_VS_SFHIR_ICD_SEITENLOKALISATION",
              "code": "R",
              "display": "rechts"
            }
          }
        ],
        "system": "http://fhir.de/CodeSystem/bfarm/icd-10-gm|2023",
        "code": "S60.2",
        "display": "Prellung sonstiger Teile des Handgelenkes und der Hand"
      }
    ]
  },
  "subject": {
    "identifier": {
      "system": "urn:UKSH.ext.ReferenceID",
      "value": "k4E7zJQLTPNG25F3yfXKra"
    }
  },
  "encounter": {
    "identifier": {
      "system": "urn:UKSH.ext.Fallnummer",
      "value": "223025411"
    }
  },
  "onsetDateTime": "2023-01-01T01:56:00Z",
  "recordedDate": "2023-01-01T02:31:24Z"
}
2024-08-13 12:24:19,463 - INFO - Resource updated successfully: Condition/20230101015600-87118013
2024-08-13 12:24:19,463 - INFO - Response: {'category': [{'coding': [{'system': 'http://terminology.hl7.org/CodeSystem/condition-category', 'code': '1', 'display': 'Hauptdiagnose'}]}], 'clinicalStatus': {'coding': [{'system': 'http://terminology.hl7.org/CodeSystem/condition-clinical', 'code': 'active'}]}, 'meta': {'versionId': '99', 'lastUpdated': '2024-08-13T09:47:07.917Z', 'profile': ['https://www.medizininformatik-initiative.de/fhir/core/modul-diagnose/StructureDefinition/Diagnose']}, 'encounter': {'identifier': {'system': 'urn:UKSH.ext.Fallnummer', 'value': '223025411'}}, 'resourceType': 'Condition', 'recordedDate': '2023-01-01T02:31:24Z', 'id': '20230101015600-87118013', 'code': {'coding': [{'extension': [{'url': 'http://fhir.de/StructureDefinition/icd-10-gm-diagnosesicherheit', 'valueCoding': {'system': 'https://fhir.kbv.de/CodeSystem/KBV_CS_SFHIR_ICD_DIAGNOSESICHERHEIT', 'code': 'G', 'display': 'gesicherte Diagnose'}}, {'url': 'http://fhir.de/StructureDefinition/seitenlokalisation', 'valueCoding': {'system': 'https://fhir.kbv.de/ValueSet/KBV_VS_SFHIR_ICD_SEITENLOKALISATION', 'code': 'R', 'display': 'rechts'}}], 'system': 'http://fhir.de/CodeSystem/bfarm/icd-10-gm|2023', 'code': 'S60.2', 'display': 'Prellung sonstiger Teile des Handgelenkes und der Hand'}]}, 'onsetDateTime': '2023-01-01T01:56:00Z', 'verificationStatus': {'coding': [{'system': 'http://terminology.hl7.org/CodeSystem/condition-ver-status', 'code': 'confirmed'}]}, 'subject': {'identifier': {'system': 'urn:UKSH.ext.ReferenceID', 'value': 'k4E7zJQLTPNG25F3yfXKra'}}}
2024-08-13 12:24:19,464 - INFO - FHIR Resource Data: {
  "resourceType": "Condition",
  "id": "20221227195600-87060417",
  "meta": {
    "profile": [
      "https://www.medizininformatik-initiative.de/fhir/core/modul-diagnose/StructureDefinition/Diagnose"
    ]
  },
  "clinicalStatus": {
    "coding": [
      {
        "system": "http://terminology.hl7.org/CodeSystem/condition-clinical",
        "code": "active"
      }
    ]
  },
  "verificationStatus": {
    "coding": [
      {
        "system": "http://terminology.hl7.org/CodeSystem/condition-ver-status",
        "code": "confirmed"
      }
    ]
  },
  "category": [
    {
      "coding": [
        {
          "system": "http://terminology.hl7.org/CodeSystem/condition-category",
          "code": "2.1",
          "display": "Nebendiagnose"
        }
      ]
    }
  ],
  "code": {
    "coding": [
      {
        "extension": [
          {
            "url": "http://fhir.de/StructureDefinition/icd-10-gm-diagnosesicherheit",
            "valueCoding": {
              "system": "https://fhir.kbv.de/CodeSystem/KBV_CS_SFHIR_ICD_DIAGNOSESICHERHEIT",
              "code": "G",
              "display": "gesicherte Diagnose"
            }
          }
        ],
        "system": "http://fhir.de/CodeSystem/bfarm/icd-10-gm|2022",
        "code": "O44.01",
        "display": "Placenta praevia ohne (aktuelle) Blutung"
      }
    ]
  },
  "subject": {
    "identifier": {
      "system": "urn:UKSH.ext.ReferenceID",
      "value": "9Cbf4BvWig1dLg2kSRkZa9"
    }
  },
  "encounter": {
    "identifier": {
      "system": "urn:UKSH.ext.Fallnummer",
      "value": "122285250"
    }
  },
  "onsetDateTime": "2022-12-27T19:56:00Z",
  "recordedDate": "2023-01-01T07:42:44Z"
}
2024-08-13 12:24:19,500 - INFO - Resource updated successfully: Condition/20221227195600-87060417
2024-08-13 12:24:19,500 - INFO - Response: {'category': [{'coding': [{'system': 'http://terminology.hl7.org/CodeSystem/condition-category', 'code': '2.1', 'display': 'Nebendiagnose'}]}], 'clinicalStatus': {'coding': [{'system': 'http://terminology.hl7.org/CodeSystem/condition-clinical', 'code': 'active'}]}, 'meta': {'versionId': '113', 'lastUpdated': '2024-08-13T10:24:19.493Z', 'profile': ['https://www.medizininformatik-initiative.de/fhir/core/modul-diagnose/StructureDefinition/Diagnose']}, 'encounter': {'identifier': {'system': 'urn:UKSH.ext.Fallnummer', 'value': '122285250'}}, 'resourceType': 'Condition', 'recordedDate': '2023-01-01T07:42:44Z', 'id': '20221227195600-87060417', 'code': {'coding': [{'extension': [{'url': 'http://fhir.de/StructureDefinition/icd-10-gm-diagnosesicherheit', 'valueCoding': {'system': 'https://fhir.kbv.de/CodeSystem/KBV_CS_SFHIR_ICD_DIAGNOSESICHERHEIT', 'code': 'G', 'display': 'gesicherte Diagnose'}}], 'system': 'http://fhir.de/CodeSystem/bfarm/icd-10-gm|2022', 'code': 'O44.01', 'display': 'Placenta praevia ohne (aktuelle) Blutung'}]}, 'onsetDateTime': '2022-12-27T19:56:00Z', 'verificationStatus': {'coding': [{'system': 'http://terminology.hl7.org/CodeSystem/condition-ver-status', 'code': 'confirmed'}]}, 'subject': {'identifier': {'system': 'urn:UKSH.ext.ReferenceID', 'value': '9Cbf4BvWig1dLg2kSRkZa9'}}}
